[ 2014-03-25T09:09:44+08:00 ] 127.0.0.1 /
INFO: [ app_begin ] --START--
INFO: ReadHtmlCache Behavior ::run [ RunTime:0.006167s ]
INFO: [ app_begin ] --END-- [ RunTime:0.006365s ]
SQL: SHOW COLUMNS FROM `mir_category` [ RunTime:0.042389s ]
SQL: SELECT * FROM `mir_category` WHERE ( `pid` = 1 )  [ RunTime:0.001507s ]
SQL: SHOW COLUMNS FROM `mir_product` [ RunTime:0.028653s ]
NOTIC: [8] Use of undefined constant status - assumed 'status' E:\wamp\www\Lib\Action\PreAction.class.php 第 9 行.
SQL: SELECT * FROM `mir_product` WHERE ( `recommand` = 1 ) AND ( `status` = 0 ) LIMIT 10   [ RunTime:0.000971s ]
SQL: SELECT * FROM `mir_product` WHERE ( `status` = 0 ) ORDER BY server_time  [ RunTime:0.001421s ]
INFO: [ view_parse ] --START--
INFO: ParseTemplate Behavior ::run [ RunTime:0.171272s ]
INFO: [ view_parse ] --END-- [ RunTime:0.171434s ]
INFO: [ view_filter ] --START--
INFO: ContentReplace Behavior ::run [ RunTime:0.001381s ]
INFO: TokenBuild Behavior ::run [ RunTime:0.002867s ]
INFO: WriteHtmlCache Behavior ::run [ RunTime:0.001407s ]
INFO: ShowRuntime Behavior ::run [ RunTime:0.006285s ]
INFO: [ view_filter ] --END-- [ RunTime:0.012264s ]
INFO: [ view_end ] --START--
INFO: ShowPageTrace Behavior ::run [ RunTime:0.001802s ]
INFO: [ view_end ] --END-- [ RunTime:0.001895s ]

[ 2014-03-25T09:12:19+08:00 ] 127.0.0.1 /
INFO: [ app_begin ] --START--
INFO: ReadHtmlCache Behavior ::run [ RunTime:0.000921s ]
INFO: [ app_begin ] --END-- [ RunTime:0.001038s ]
SQL: SHOW COLUMNS FROM `mir_category` [ RunTime:0.003710s ]
SQL: SELECT * FROM `mir_category` WHERE ( `pid` = 1 )  [ RunTime:0.000348s ]
SQL: SHOW COLUMNS FROM `mir_product` [ RunTime:0.004113s ]
NOTIC: [8] Use of undefined constant status - assumed 'status' E:\wamp\www\Lib\Action\PreAction.class.php 第 9 行.
SQL: SELECT * FROM `mir_product` WHERE ( `recommand` = 1 ) AND ( `status` = 0 ) LIMIT 10   [ RunTime:0.000647s ]
SQL: SELECT * FROM `mir_product` WHERE ( `status` = 0 ) ORDER BY server_time  [ RunTime:0.002052s ]
INFO: [ view_parse ] --START--
INFO: ParseTemplate Behavior ::run [ RunTime:0.023234s ]
INFO: [ view_parse ] --END-- [ RunTime:0.023405s ]
INFO: [ view_filter ] --START--
INFO: ContentReplace Behavior ::run [ RunTime:0.001107s ]
INFO: TokenBuild Behavior ::run [ RunTime:0.000690s ]
INFO: WriteHtmlCache Behavior ::run [ RunTime:0.000499s ]
INFO: ShowRuntime Behavior ::run [ RunTime:0.000730s ]
INFO: [ view_filter ] --END-- [ RunTime:0.003300s ]
INFO: [ view_end ] --START--
INFO: ShowPageTrace Behavior ::run [ RunTime:0.000797s ]
INFO: [ view_end ] --END-- [ RunTime:0.000897s ]

[ 2014-03-25T10:37:49+08:00 ] 127.0.0.1 /
INFO: [ app_begin ] --START--
INFO: ReadHtmlCache Behavior ::run [ RunTime:0.001041s ]
INFO: [ app_begin ] --END-- [ RunTime:0.001168s ]
SQL: SHOW COLUMNS FROM `mir_category` [ RunTime:0.004653s ]
SQL: SELECT * FROM `mir_category` WHERE ( `pid` = 1 )  [ RunTime:0.000439s ]
SQL: SHOW COLUMNS FROM `mir_product` [ RunTime:0.005350s ]
NOTIC: [8] Use of undefined constant status - assumed 'status' E:\wamp\www\Lib\Action\PreAction.class.php 第 9 行.
SQL: SELECT * FROM `mir_product` WHERE ( `recommand` = 1 ) AND ( `status` = 0 ) LIMIT 10   [ RunTime:0.000542s ]
SQL: SELECT * FROM `mir_product` WHERE ( `status` = 0 ) ORDER BY server_time  [ RunTime:0.000790s ]
INFO: [ view_parse ] --START--
INFO: ParseTemplate Behavior ::run [ RunTime:0.025774s ]
INFO: [ view_parse ] --END-- [ RunTime:0.025918s ]
INFO: [ view_filter ] --START--
INFO: ContentReplace Behavior ::run [ RunTime:0.000955s ]
INFO: TokenBuild Behavior ::run [ RunTime:0.000711s ]
INFO: WriteHtmlCache Behavior ::run [ RunTime:0.000604s ]
INFO: ShowRuntime Behavior ::run [ RunTime:0.001219s ]
INFO: [ view_filter ] --END-- [ RunTime:0.003832s ]
INFO: [ view_end ] --START--
INFO: ShowPageTrace Behavior ::run [ RunTime:0.000977s ]
INFO: [ view_end ] --END-- [ RunTime:0.001151s ]

[ 2014-03-25T10:44:46+08:00 ] 127.0.0.1 /js/js.js
INFO: [ route_check ] --START--
INFO: CheckRoute Behavior ::run [ RunTime:0.039320s ]
INFO: [ route_check ] --END-- [ RunTime:0.039457s ]
INFO: [ app_begin ] --START--
INFO: ReadHtmlCache Behavior ::run [ RunTime:0.000940s ]
INFO: [ app_begin ] --END-- [ RunTime:0.001038s ]
ERR: 无法加载模块:Js

[ 2014-03-25T10:44:46+08:00 ] 127.0.0.1 /style/css.css
INFO: [ route_check ] --START--
INFO: CheckRoute Behavior ::run [ RunTime:0.001128s ]
INFO: [ route_check ] --END-- [ RunTime:0.001242s ]
INFO: [ app_begin ] --START--
INFO: ReadHtmlCache Behavior ::run [ RunTime:0.000925s ]
INFO: [ app_begin ] --END-- [ RunTime:0.001020s ]
ERR: 无法加载模块:Style

[ 2014-03-25T10:45:01+08:00 ] 127.0.0.1 /user/login
INFO: [ route_check ] --START--
INFO: CheckRoute Behavior ::run [ RunTime:0.001025s ]
INFO: [ route_check ] --END-- [ RunTime:0.001161s ]
INFO: [ app_begin ] --START--
INFO: ReadHtmlCache Behavior ::run [ RunTime:0.001170s ]
INFO: [ app_begin ] --END-- [ RunTime:0.001306s ]
SQL: SHOW COLUMNS FROM `mir_category` [ RunTime:0.008276s ]
SQL: SELECT * FROM `mir_category` WHERE ( `pid` = 1 )  [ RunTime:0.000344s ]
SQL: SHOW COLUMNS FROM `mir_product` [ RunTime:0.016438s ]
NOTIC: [8] Use of undefined constant status - assumed 'status' E:\wamp\www\Lib\Action\PreAction.class.php 第 9 行.
SQL: SELECT * FROM `mir_product` WHERE ( `recommand` = 1 ) AND ( `status` = 0 ) LIMIT 10   [ RunTime:0.000939s ]
NOTIC: [8] Undefined index: user E:\wamp\www\Lib\Action\Home\UserAction.class.php 第 29 行.
INFO: [ view_parse ] --START--
INFO: ParseTemplate Behavior ::run [ RunTime:0.027154s ]
INFO: [ view_parse ] --END-- [ RunTime:0.027294s ]
INFO: [ view_filter ] --START--
INFO: ContentReplace Behavior ::run [ RunTime:0.000761s ]
INFO: TokenBuild Behavior ::run [ RunTime:0.000660s ]
INFO: WriteHtmlCache Behavior ::run [ RunTime:0.000528s ]
INFO: ShowRuntime Behavior ::run [ RunTime:0.000767s ]
INFO: [ view_filter ] --END-- [ RunTime:0.002988s ]
INFO: [ view_end ] --START--
INFO: ShowPageTrace Behavior ::run [ RunTime:0.000920s ]
INFO: [ view_end ] --END-- [ RunTime:0.001019s ]

[ 2014-03-25T10:45:17+08:00 ] 127.0.0.1 /user/Tpl/Home/Index/register.html
INFO: [ route_check ] --START--
INFO: CheckRoute Behavior ::run [ RunTime:0.001063s ]
INFO: [ route_check ] --END-- [ RunTime:0.001406s ]
INFO: [ app_begin ] --START--
INFO: ReadHtmlCache Behavior ::run [ RunTime:0.000734s ]
INFO: [ app_begin ] --END-- [ RunTime:0.000860s ]
SQL: SHOW COLUMNS FROM `mir_category` [ RunTime:0.008211s ]
SQL: SELECT * FROM `mir_category` WHERE ( `pid` = 1 )  [ RunTime:0.000346s ]
SQL: SHOW COLUMNS FROM `mir_product` [ RunTime:0.003937s ]
NOTIC: [8] Use of undefined constant status - assumed 'status' E:\wamp\www\Lib\Action\PreAction.class.php 第 9 行.
SQL: SELECT * FROM `mir_product` WHERE ( `recommand` = 1 ) AND ( `status` = 0 ) LIMIT 10   [ RunTime:0.000440s ]
ERR: 非法操作:tpl

[ 2014-03-25T10:45:51+08:00 ] 127.0.0.1 /user/Tpl/Home/Index/register.html
INFO: [ route_check ] --START--
INFO: CheckRoute Behavior ::run [ RunTime:0.000824s ]
INFO: [ route_check ] --END-- [ RunTime:0.001110s ]
INFO: [ app_begin ] --START--
INFO: ReadHtmlCache Behavior ::run [ RunTime:0.000677s ]
INFO: [ app_begin ] --END-- [ RunTime:0.000818s ]
SQL: SHOW COLUMNS FROM `mir_category` [ RunTime:0.004870s ]
SQL: SELECT * FROM `mir_category` WHERE ( `pid` = 1 )  [ RunTime:0.000339s ]
SQL: SHOW COLUMNS FROM `mir_product` [ RunTime:0.004006s ]
NOTIC: [8] Use of undefined constant status - assumed 'status' E:\wamp\www\Lib\Action\PreAction.class.php 第 9 行.
SQL: SELECT * FROM `mir_product` WHERE ( `recommand` = 1 ) AND ( `status` = 0 ) LIMIT 10   [ RunTime:0.000436s ]
ERR: 非法操作:tpl

[ 2014-03-25T10:45:55+08:00 ] 127.0.0.1 /user/Tpl/Home/Index/register.html
INFO: [ route_check ] --START--
INFO: CheckRoute Behavior ::run [ RunTime:0.001040s ]
INFO: [ route_check ] --END-- [ RunTime:0.001206s ]
INFO: [ app_begin ] --START--
INFO: ReadHtmlCache Behavior ::run [ RunTime:0.000645s ]
INFO: [ app_begin ] --END-- [ RunTime:0.000763s ]
SQL: SHOW COLUMNS FROM `mir_category` [ RunTime:0.004813s ]
SQL: SELECT * FROM `mir_category` WHERE ( `pid` = 1 )  [ RunTime:0.000387s ]
SQL: SHOW COLUMNS FROM `mir_product` [ RunTime:0.005122s ]
NOTIC: [8] Use of undefined constant status - assumed 'status' E:\wamp\www\Lib\Action\PreAction.class.php 第 9 行.
SQL: SELECT * FROM `mir_product` WHERE ( `recommand` = 1 ) AND ( `status` = 0 ) LIMIT 10   [ RunTime:0.001866s ]
ERR: 非法操作:tpl

[ 2014-03-25T10:46:01+08:00 ] 127.0.0.1 /user/Tpl/Home/Index/register.html
INFO: [ route_check ] --START--
INFO: CheckRoute Behavior ::run [ RunTime:0.001312s ]
INFO: [ route_check ] --END-- [ RunTime:0.001608s ]
INFO: [ app_begin ] --START--
INFO: ReadHtmlCache Behavior ::run [ RunTime:0.000953s ]
INFO: [ app_begin ] --END-- [ RunTime:0.001105s ]
SQL: SHOW COLUMNS FROM `mir_category` [ RunTime:0.007627s ]
SQL: SELECT * FROM `mir_category` WHERE ( `pid` = 1 )  [ RunTime:0.000590s ]
SQL: SHOW COLUMNS FROM `mir_product` [ RunTime:0.006446s ]
NOTIC: [8] Use of undefined constant status - assumed 'status' E:\wamp\www\Lib\Action\PreAction.class.php 第 9 行.
SQL: SELECT * FROM `mir_product` WHERE ( `recommand` = 1 ) AND ( `status` = 0 ) LIMIT 10   [ RunTime:0.000521s ]
ERR: 非法操作:tpl

[ 2014-03-25T10:46:10+08:00 ] 127.0.0.1 /
INFO: [ app_begin ] --START--
INFO: ReadHtmlCache Behavior ::run [ RunTime:0.000743s ]
INFO: [ app_begin ] --END-- [ RunTime:0.000906s ]
SQL: SHOW COLUMNS FROM `mir_category` [ RunTime:0.004199s ]
SQL: SELECT * FROM `mir_category` WHERE ( `pid` = 1 )  [ RunTime:0.000277s ]
SQL: SHOW COLUMNS FROM `mir_product` [ RunTime:0.003999s ]
NOTIC: [8] Use of undefined constant status - assumed 'status' E:\wamp\www\Lib\Action\PreAction.class.php 第 9 行.
SQL: SELECT * FROM `mir_product` WHERE ( `recommand` = 1 ) AND ( `status` = 0 ) LIMIT 10   [ RunTime:0.000460s ]
SQL: SELECT * FROM `mir_product` WHERE ( `status` = 0 ) ORDER BY server_time  [ RunTime:0.000698s ]
INFO: [ view_parse ] --START--
INFO: ParseTemplate Behavior ::run [ RunTime:0.023533s ]
INFO: [ view_parse ] --END-- [ RunTime:0.023730s ]
INFO: [ view_filter ] --START--
INFO: ContentReplace Behavior ::run [ RunTime:0.000982s ]
INFO: TokenBuild Behavior ::run [ RunTime:0.000768s ]
INFO: WriteHtmlCache Behavior ::run [ RunTime:0.000494s ]
INFO: ShowRuntime Behavior ::run [ RunTime:0.000818s ]
INFO: [ view_filter ] --END-- [ RunTime:0.003320s ]
INFO: [ view_end ] --START--
INFO: ShowPageTrace Behavior ::run [ RunTime:0.000823s ]
INFO: [ view_end ] --END-- [ RunTime:0.000915s ]

[ 2014-03-25T10:46:12+08:00 ] 127.0.0.1 /user/reg
INFO: [ route_check ] --START--
INFO: CheckRoute Behavior ::run [ RunTime:0.000758s ]
INFO: [ route_check ] --END-- [ RunTime:0.000892s ]
INFO: [ app_begin ] --START--
INFO: ReadHtmlCache Behavior ::run [ RunTime:0.000880s ]
INFO: [ app_begin ] --END-- [ RunTime:0.001026s ]
SQL: SHOW COLUMNS FROM `mir_category` [ RunTime:0.004783s ]
SQL: SELECT * FROM `mir_category` WHERE ( `pid` = 1 )  [ RunTime:0.000328s ]
SQL: SHOW COLUMNS FROM `mir_product` [ RunTime:0.004149s ]
NOTIC: [8] Use of undefined constant status - assumed 'status' E:\wamp\www\Lib\Action\PreAction.class.php 第 9 行.
SQL: SELECT * FROM `mir_product` WHERE ( `recommand` = 1 ) AND ( `status` = 0 ) LIMIT 10   [ RunTime:0.000523s ]
INFO: [ view_parse ] --START--
INFO: ParseTemplate Behavior ::run [ RunTime:0.040266s ]
INFO: [ view_parse ] --END-- [ RunTime:0.040505s ]
INFO: [ view_filter ] --START--
INFO: ContentReplace Behavior ::run [ RunTime:0.000608s ]
INFO: TokenBuild Behavior ::run [ RunTime:0.000495s ]
INFO: WriteHtmlCache Behavior ::run [ RunTime:0.000356s ]
INFO: ShowRuntime Behavior ::run [ RunTime:0.000660s ]
INFO: [ view_filter ] --END-- [ RunTime:0.002380s ]
INFO: [ view_end ] --START--
INFO: ShowPageTrace Behavior ::run [ RunTime:0.000772s ]
INFO: [ view_end ] --END-- [ RunTime:0.000870s ]

[ 2014-03-25T10:51:39+08:00 ] 127.0.0.1 /
INFO: [ app_begin ] --START--
INFO: ReadHtmlCache Behavior ::run [ RunTime:0.001442s ]
INFO: [ app_begin ] --END-- [ RunTime:0.001600s ]
SQL: SHOW COLUMNS FROM `mir_category` [ RunTime:0.003907s ]
SQL: SELECT * FROM `mir_category` WHERE ( `pid` = 1 )  [ RunTime:0.000513s ]
SQL: SHOW COLUMNS FROM `mir_product` [ RunTime:0.005706s ]
NOTIC: [8] Use of undefined constant status - assumed 'status' E:\wamp\www\Lib\Action\PreAction.class.php 第 9 行.
SQL: SELECT * FROM `mir_product` WHERE ( `recommand` = 1 ) AND ( `status` = 0 ) LIMIT 10   [ RunTime:0.000964s ]
SQL: SELECT * FROM `mir_product` WHERE ( `status` = 0 ) ORDER BY server_time  [ RunTime:0.000809s ]
INFO: [ view_parse ] --START--
INFO: ParseTemplate Behavior ::run [ RunTime:0.023863s ]
INFO: [ view_parse ] --END-- [ RunTime:0.023992s ]
INFO: [ view_filter ] --START--
INFO: ContentReplace Behavior ::run [ RunTime:0.001137s ]
INFO: TokenBuild Behavior ::run [ RunTime:0.001445s ]
INFO: WriteHtmlCache Behavior ::run [ RunTime:0.000786s ]
INFO: ShowRuntime Behavior ::run [ RunTime:0.001000s ]
INFO: [ view_filter ] --END-- [ RunTime:0.004712s ]
INFO: [ view_end ] --START--
INFO: ShowPageTrace Behavior ::run [ RunTime:0.001258s ]
INFO: [ view_end ] --END-- [ RunTime:0.001359s ]

[ 2014-03-25T10:51:48+08:00 ] 127.0.0.1 /user/reg
INFO: [ route_check ] --START--
INFO: CheckRoute Behavior ::run [ RunTime:0.001193s ]
INFO: [ route_check ] --END-- [ RunTime:0.001702s ]
INFO: [ app_begin ] --START--
INFO: ReadHtmlCache Behavior ::run [ RunTime:0.000728s ]
INFO: [ app_begin ] --END-- [ RunTime:0.000840s ]
SQL: SHOW COLUMNS FROM `mir_category` [ RunTime:0.004634s ]
SQL: SELECT * FROM `mir_category` WHERE ( `pid` = 1 )  [ RunTime:0.000519s ]
SQL: SHOW COLUMNS FROM `mir_product` [ RunTime:0.007770s ]
NOTIC: [8] Use of undefined constant status - assumed 'status' E:\wamp\www\Lib\Action\PreAction.class.php 第 9 行.
SQL: SELECT * FROM `mir_product` WHERE ( `recommand` = 1 ) AND ( `status` = 0 ) LIMIT 10   [ RunTime:0.000553s ]
INFO: [ view_parse ] --START--
INFO: ParseTemplate Behavior ::run [ RunTime:0.038705s ]
INFO: [ view_parse ] --END-- [ RunTime:0.038972s ]
INFO: [ view_filter ] --START--
INFO: ContentReplace Behavior ::run [ RunTime:0.001503s ]
INFO: TokenBuild Behavior ::run [ RunTime:0.002393s ]
INFO: WriteHtmlCache Behavior ::run [ RunTime:0.000929s ]
INFO: ShowRuntime Behavior ::run [ RunTime:0.001053s ]
INFO: [ view_filter ] --END-- [ RunTime:0.006470s ]
INFO: [ view_end ] --START--
INFO: ShowPageTrace Behavior ::run [ RunTime:0.000912s ]
INFO: [ view_end ] --END-- [ RunTime:0.001024s ]

[ 2014-03-25T10:56:02+08:00 ] 127.0.0.1 /
INFO: [ app_begin ] --START--
INFO: ReadHtmlCache Behavior ::run [ RunTime:0.001458s ]
INFO: [ app_begin ] --END-- [ RunTime:0.001676s ]
SQL: SHOW COLUMNS FROM `mir_category` [ RunTime:0.003925s ]
SQL: SELECT * FROM `mir_category` WHERE ( `pid` = 1 )  [ RunTime:0.000304s ]
SQL: SHOW COLUMNS FROM `mir_product` [ RunTime:0.003837s ]
NOTIC: [8] Use of undefined constant status - assumed 'status' E:\wamp\www\Lib\Action\PreAction.class.php 第 9 行.
SQL: SELECT * FROM `mir_product` WHERE ( `recommand` = 1 ) AND ( `status` = 0 ) LIMIT 10   [ RunTime:0.001316s ]
SQL: SELECT * FROM `mir_product` WHERE ( `status` = 0 ) ORDER BY server_time  [ RunTime:0.001122s ]
INFO: [ view_parse ] --START--
INFO: ParseTemplate Behavior ::run [ RunTime:0.023217s ]
INFO: [ view_parse ] --END-- [ RunTime:0.023423s ]
INFO: [ view_filter ] --START--
INFO: ContentReplace Behavior ::run [ RunTime:0.000908s ]
INFO: TokenBuild Behavior ::run [ RunTime:0.000629s ]
INFO: WriteHtmlCache Behavior ::run [ RunTime:0.000590s ]
INFO: ShowRuntime Behavior ::run [ RunTime:0.000746s ]
INFO: [ view_filter ] --END-- [ RunTime:0.003128s ]
INFO: [ view_end ] --START--
INFO: ShowPageTrace Behavior ::run [ RunTime:0.000846s ]
INFO: [ view_end ] --END-- [ RunTime:0.000975s ]

[ 2014-03-25T10:56:05+08:00 ] 127.0.0.1 /
INFO: [ app_begin ] --START--
INFO: ReadHtmlCache Behavior ::run [ RunTime:0.000699s ]
INFO: [ app_begin ] --END-- [ RunTime:0.000831s ]
SQL: SHOW COLUMNS FROM `mir_category` [ RunTime:0.003931s ]
SQL: SELECT * FROM `mir_category` WHERE ( `pid` = 1 )  [ RunTime:0.000371s ]
SQL: SHOW COLUMNS FROM `mir_product` [ RunTime:0.005890s ]
NOTIC: [8] Use of undefined constant status - assumed 'status' E:\wamp\www\Lib\Action\PreAction.class.php 第 9 行.
SQL: SELECT * FROM `mir_product` WHERE ( `recommand` = 1 ) AND ( `status` = 0 ) LIMIT 10   [ RunTime:0.001207s ]
SQL: SELECT * FROM `mir_product` WHERE ( `status` = 0 ) ORDER BY server_time  [ RunTime:0.001430s ]
INFO: [ view_parse ] --START--
INFO: ParseTemplate Behavior ::run [ RunTime:0.025046s ]
INFO: [ view_parse ] --END-- [ RunTime:0.025320s ]
INFO: [ view_filter ] --START--
INFO: ContentReplace Behavior ::run [ RunTime:0.002212s ]
INFO: TokenBuild Behavior ::run [ RunTime:0.001003s ]
INFO: WriteHtmlCache Behavior ::run [ RunTime:0.000425s ]
INFO: ShowRuntime Behavior ::run [ RunTime:0.000668s ]
INFO: [ view_filter ] --END-- [ RunTime:0.004682s ]
INFO: [ view_end ] --START--
INFO: ShowPageTrace Behavior ::run [ RunTime:0.000825s ]
INFO: [ view_end ] --END-- [ RunTime:0.001008s ]

[ 2014-03-25T10:56:08+08:00 ] 127.0.0.1 /user/reg
INFO: [ route_check ] --START--
INFO: CheckRoute Behavior ::run [ RunTime:0.001278s ]
INFO: [ route_check ] --END-- [ RunTime:0.001409s ]
INFO: [ app_begin ] --START--
INFO: ReadHtmlCache Behavior ::run [ RunTime:0.000964s ]
INFO: [ app_begin ] --END-- [ RunTime:0.001083s ]
SQL: SHOW COLUMNS FROM `mir_category` [ RunTime:0.004462s ]
SQL: SELECT * FROM `mir_category` WHERE ( `pid` = 1 )  [ RunTime:0.000337s ]
SQL: SHOW COLUMNS FROM `mir_product` [ RunTime:0.006316s ]
NOTIC: [8] Use of undefined constant status - assumed 'status' E:\wamp\www\Lib\Action\PreAction.class.php 第 9 行.
SQL: SELECT * FROM `mir_product` WHERE ( `recommand` = 1 ) AND ( `status` = 0 ) LIMIT 10   [ RunTime:0.000741s ]
INFO: [ view_parse ] --START--
INFO: ParseTemplate Behavior ::run [ RunTime:0.022076s ]
INFO: [ view_parse ] --END-- [ RunTime:0.022242s ]
INFO: [ view_filter ] --START--
INFO: ContentReplace Behavior ::run [ RunTime:0.000825s ]
INFO: TokenBuild Behavior ::run [ RunTime:0.000706s ]
INFO: WriteHtmlCache Behavior ::run [ RunTime:0.000591s ]
INFO: ShowRuntime Behavior ::run [ RunTime:0.000808s ]
INFO: [ view_filter ] --END-- [ RunTime:0.003198s ]
INFO: [ view_end ] --START--
INFO: ShowPageTrace Behavior ::run [ RunTime:0.000985s ]
INFO: [ view_end ] --END-- [ RunTime:0.001084s ]

[ 2014-03-25T10:58:04+08:00 ] 127.0.0.1 /
INFO: [ app_begin ] --START--
INFO: ReadHtmlCache Behavior ::run [ RunTime:0.000908s ]
INFO: [ app_begin ] --END-- [ RunTime:0.001039s ]
SQL: SHOW COLUMNS FROM `mir_category` [ RunTime:0.003767s ]
SQL: SELECT * FROM `mir_category` WHERE ( `pid` = 1 )  [ RunTime:0.000277s ]
SQL: SHOW COLUMNS FROM `mir_product` [ RunTime:0.003757s ]
NOTIC: [8] Use of undefined constant status - assumed 'status' E:\wamp\www\Lib\Action\PreAction.class.php 第 9 行.
SQL: SELECT * FROM `mir_product` WHERE ( `recommand` = 1 ) AND ( `status` = 0 ) LIMIT 10   [ RunTime:0.000565s ]
SQL: SELECT * FROM `mir_product` WHERE ( `status` = 0 ) ORDER BY server_time  [ RunTime:0.000646s ]
INFO: [ view_parse ] --START--
INFO: ParseTemplate Behavior ::run [ RunTime:0.023450s ]
INFO: [ view_parse ] --END-- [ RunTime:0.023584s ]
INFO: [ view_filter ] --START--
INFO: ContentReplace Behavior ::run [ RunTime:0.000998s ]
INFO: TokenBuild Behavior ::run [ RunTime:0.000730s ]
INFO: WriteHtmlCache Behavior ::run [ RunTime:0.000516s ]
INFO: ShowRuntime Behavior ::run [ RunTime:0.000775s ]
INFO: [ view_filter ] --END-- [ RunTime:0.003363s ]
INFO: [ view_end ] --START--
INFO: ShowPageTrace Behavior ::run [ RunTime:0.000750s ]
INFO: [ view_end ] --END-- [ RunTime:0.000848s ]

[ 2014-03-25T10:58:06+08:00 ] 127.0.0.1 /user/reg
INFO: [ route_check ] --START--
INFO: CheckRoute Behavior ::run [ RunTime:0.001422s ]
INFO: [ route_check ] --END-- [ RunTime:0.001562s ]
INFO: [ app_begin ] --START--
INFO: ReadHtmlCache Behavior ::run [ RunTime:0.000606s ]
INFO: [ app_begin ] --END-- [ RunTime:0.000711s ]
SQL: SHOW COLUMNS FROM `mir_category` [ RunTime:0.004727s ]
SQL: SELECT * FROM `mir_category` WHERE ( `pid` = 1 )  [ RunTime:0.000391s ]
SQL: SHOW COLUMNS FROM `mir_product` [ RunTime:0.006982s ]
NOTIC: [8] Use of undefined constant status - assumed 'status' E:\wamp\www\Lib\Action\PreAction.class.php 第 9 行.
SQL: SELECT * FROM `mir_product` WHERE ( `recommand` = 1 ) AND ( `status` = 0 ) LIMIT 10   [ RunTime:0.001193s ]
INFO: [ view_parse ] --START--
INFO: ParseTemplate Behavior ::run [ RunTime:0.024064s ]
INFO: [ view_parse ] --END-- [ RunTime:0.024309s ]
INFO: [ view_filter ] --START--
INFO: ContentReplace Behavior ::run [ RunTime:0.000711s ]
INFO: TokenBuild Behavior ::run [ RunTime:0.001410s ]
INFO: WriteHtmlCache Behavior ::run [ RunTime:0.000742s ]
INFO: ShowRuntime Behavior ::run [ RunTime:0.000882s ]
INFO: [ view_filter ] --END-- [ RunTime:0.005500s ]
INFO: [ view_end ] --START--
INFO: ShowPageTrace Behavior ::run [ RunTime:0.001285s ]
INFO: [ view_end ] --END-- [ RunTime:0.001443s ]

[ 2014-03-25T11:01:16+08:00 ] 127.0.0.1 /user/reg
INFO: [ route_check ] --START--
INFO: CheckRoute Behavior ::run [ RunTime:0.001176s ]
INFO: [ route_check ] --END-- [ RunTime:0.001318s ]
INFO: [ app_begin ] --START--
INFO: ReadHtmlCache Behavior ::run [ RunTime:0.001060s ]
INFO: [ app_begin ] --END-- [ RunTime:0.001225s ]
SQL: SHOW COLUMNS FROM `mir_category` [ RunTime:0.005472s ]
SQL: SELECT * FROM `mir_category` WHERE ( `pid` = 1 )  [ RunTime:0.000489s ]
SQL: SHOW COLUMNS FROM `mir_product` [ RunTime:0.005142s ]
NOTIC: [8] Use of undefined constant status - assumed 'status' E:\wamp\www\Lib\Action\PreAction.class.php 第 9 行.
SQL: SELECT * FROM `mir_product` WHERE ( `recommand` = 1 ) AND ( `status` = 0 ) LIMIT 10   [ RunTime:0.000573s ]
INFO: [ view_parse ] --START--
INFO: ParseTemplate Behavior ::run [ RunTime:0.011336s ]
INFO: [ view_parse ] --END-- [ RunTime:0.011491s ]
INFO: [ view_filter ] --START--
INFO: ContentReplace Behavior ::run [ RunTime:0.000792s ]
INFO: TokenBuild Behavior ::run [ RunTime:0.000768s ]
INFO: WriteHtmlCache Behavior ::run [ RunTime:0.000624s ]
INFO: ShowRuntime Behavior ::run [ RunTime:0.000829s ]
INFO: [ view_filter ] --END-- [ RunTime:0.003336s ]
INFO: [ view_end ] --START--
INFO: ShowPageTrace Behavior ::run [ RunTime:0.001370s ]
INFO: [ view_end ] --END-- [ RunTime:0.001495s ]

[ 2014-03-25T11:01:21+08:00 ] 127.0.0.1 /user/reg
INFO: [ route_check ] --START--
INFO: CheckRoute Behavior ::run [ RunTime:0.000987s ]
INFO: [ route_check ] --END-- [ RunTime:0.001171s ]
INFO: [ app_begin ] --START--
INFO: ReadHtmlCache Behavior ::run [ RunTime:0.001011s ]
INFO: [ app_begin ] --END-- [ RunTime:0.001223s ]
SQL: SHOW COLUMNS FROM `mir_category` [ RunTime:0.003757s ]
SQL: SELECT * FROM `mir_category` WHERE ( `pid` = 1 )  [ RunTime:0.000350s ]
SQL: SHOW COLUMNS FROM `mir_product` [ RunTime:0.005663s ]
NOTIC: [8] Use of undefined constant status - assumed 'status' E:\wamp\www\Lib\Action\PreAction.class.php 第 9 行.
SQL: SELECT * FROM `mir_product` WHERE ( `recommand` = 1 ) AND ( `status` = 0 ) LIMIT 10   [ RunTime:0.000901s ]
INFO: [ view_parse ] --START--
INFO: ParseTemplate Behavior ::run [ RunTime:0.008385s ]
INFO: [ view_parse ] --END-- [ RunTime:0.008524s ]
INFO: [ view_filter ] --START--
INFO: ContentReplace Behavior ::run [ RunTime:0.000550s ]
INFO: TokenBuild Behavior ::run [ RunTime:0.000541s ]
INFO: WriteHtmlCache Behavior ::run [ RunTime:0.000496s ]
INFO: ShowRuntime Behavior ::run [ RunTime:0.000726s ]
INFO: [ view_filter ] --END-- [ RunTime:0.002609s ]
INFO: [ view_end ] --START--
INFO: ShowPageTrace Behavior ::run [ RunTime:0.001110s ]
INFO: [ view_end ] --END-- [ RunTime:0.001271s ]

[ 2014-03-25T11:05:17+08:00 ] 127.0.0.1 /user/reg
INFO: [ route_check ] --START--
INFO: CheckRoute Behavior ::run [ RunTime:0.001195s ]
INFO: [ route_check ] --END-- [ RunTime:0.001329s ]
INFO: [ app_begin ] --START--
INFO: ReadHtmlCache Behavior ::run [ RunTime:0.000891s ]
INFO: [ app_begin ] --END-- [ RunTime:0.001022s ]
SQL: SHOW COLUMNS FROM `mir_category` [ RunTime:0.003699s ]
SQL: SELECT * FROM `mir_category` WHERE ( `pid` = 1 )  [ RunTime:0.000307s ]
SQL: SHOW COLUMNS FROM `mir_product` [ RunTime:0.004079s ]
NOTIC: [8] Use of undefined constant status - assumed 'status' E:\wamp\www\Lib\Action\PreAction.class.php 第 9 行.
SQL: SELECT * FROM `mir_product` WHERE ( `recommand` = 1 ) AND ( `status` = 0 ) LIMIT 10   [ RunTime:0.000511s ]
INFO: [ view_parse ] --START--
INFO: ParseTemplate Behavior ::run [ RunTime:0.010720s ]
INFO: [ view_parse ] --END-- [ RunTime:0.010888s ]
INFO: [ view_filter ] --START--
INFO: ContentReplace Behavior ::run [ RunTime:0.000815s ]
INFO: TokenBuild Behavior ::run [ RunTime:0.000697s ]
INFO: WriteHtmlCache Behavior ::run [ RunTime:0.000577s ]
INFO: ShowRuntime Behavior ::run [ RunTime:0.000857s ]
INFO: [ view_filter ] --END-- [ RunTime:0.003278s ]
INFO: [ view_end ] --START--
INFO: ShowPageTrace Behavior ::run [ RunTime:0.000841s ]
INFO: [ view_end ] --END-- [ RunTime:0.000949s ]

[ 2014-03-25T11:05:23+08:00 ] 127.0.0.1 /user/reg
INFO: [ route_check ] --START--
INFO: CheckRoute Behavior ::run [ RunTime:0.001388s ]
INFO: [ route_check ] --END-- [ RunTime:0.001549s ]
INFO: [ app_begin ] --START--
INFO: ReadHtmlCache Behavior ::run [ RunTime:0.001310s ]
INFO: [ app_begin ] --END-- [ RunTime:0.001508s ]
SQL: SHOW COLUMNS FROM `mir_category` [ RunTime:0.004129s ]
SQL: SELECT * FROM `mir_category` WHERE ( `pid` = 1 )  [ RunTime:0.000311s ]
SQL: SHOW COLUMNS FROM `mir_product` [ RunTime:0.004592s ]
NOTIC: [8] Use of undefined constant status - assumed 'status' E:\wamp\www\Lib\Action\PreAction.class.php 第 9 行.
SQL: SELECT * FROM `mir_product` WHERE ( `recommand` = 1 ) AND ( `status` = 0 ) LIMIT 10   [ RunTime:0.000557s ]
INFO: [ view_parse ] --START--
INFO: ParseTemplate Behavior ::run [ RunTime:0.008507s ]
INFO: [ view_parse ] --END-- [ RunTime:0.008678s ]
INFO: [ view_filter ] --START--
INFO: ContentReplace Behavior ::run [ RunTime:0.000656s ]
INFO: TokenBuild Behavior ::run [ RunTime:0.000636s ]
INFO: WriteHtmlCache Behavior ::run [ RunTime:0.000516s ]
INFO: ShowRuntime Behavior ::run [ RunTime:0.000893s ]
INFO: [ view_filter ] --END-- [ RunTime:0.002995s ]
INFO: [ view_end ] --START--
INFO: ShowPageTrace Behavior ::run [ RunTime:0.000912s ]
INFO: [ view_end ] --END-- [ RunTime:0.001026s ]

[ 2014-03-25T11:05:57+08:00 ] 127.0.0.1 /user/reg
INFO: [ route_check ] --START--
INFO: CheckRoute Behavior ::run [ RunTime:0.000897s ]
INFO: [ route_check ] --END-- [ RunTime:0.001043s ]
INFO: [ app_begin ] --START--
INFO: ReadHtmlCache Behavior ::run [ RunTime:0.000700s ]
INFO: [ app_begin ] --END-- [ RunTime:0.000814s ]
SQL: SHOW COLUMNS FROM `mir_category` [ RunTime:0.003757s ]
SQL: SELECT * FROM `mir_category` WHERE ( `pid` = 1 )  [ RunTime:0.000289s ]
SQL: SHOW COLUMNS FROM `mir_product` [ RunTime:0.006037s ]
NOTIC: [8] Use of undefined constant status - assumed 'status' E:\wamp\www\Lib\Action\PreAction.class.php 第 9 行.
SQL: SELECT * FROM `mir_product` WHERE ( `recommand` = 1 ) AND ( `status` = 0 ) LIMIT 10   [ RunTime:0.000462s ]
INFO: [ view_parse ] --START--
INFO: ParseTemplate Behavior ::run [ RunTime:0.007432s ]
INFO: [ view_parse ] --END-- [ RunTime:0.007587s ]
INFO: [ view_filter ] --START--
INFO: ContentReplace Behavior ::run [ RunTime:0.000683s ]
INFO: TokenBuild Behavior ::run [ RunTime:0.000522s ]
INFO: WriteHtmlCache Behavior ::run [ RunTime:0.000364s ]
INFO: ShowRuntime Behavior ::run [ RunTime:0.000609s ]
INFO: [ view_filter ] --END-- [ RunTime:0.002453s ]
INFO: [ view_end ] --START--
INFO: ShowPageTrace Behavior ::run [ RunTime:0.000650s ]
INFO: [ view_end ] --END-- [ RunTime:0.000753s ]

[ 2014-03-25T11:05:59+08:00 ] 127.0.0.1 /user/reg
INFO: [ route_check ] --START--
INFO: CheckRoute Behavior ::run [ RunTime:0.000901s ]
INFO: [ route_check ] --END-- [ RunTime:0.001071s ]
INFO: [ app_begin ] --START--
INFO: ReadHtmlCache Behavior ::run [ RunTime:0.000981s ]
INFO: [ app_begin ] --END-- [ RunTime:0.001200s ]
SQL: SHOW COLUMNS FROM `mir_category` [ RunTime:0.003729s ]
SQL: SELECT * FROM `mir_category` WHERE ( `pid` = 1 )  [ RunTime:0.000310s ]
SQL: SHOW COLUMNS FROM `mir_product` [ RunTime:0.003889s ]
NOTIC: [8] Use of undefined constant status - assumed 'status' E:\wamp\www\Lib\Action\PreAction.class.php 第 9 行.
SQL: SELECT * FROM `mir_product` WHERE ( `recommand` = 1 ) AND ( `status` = 0 ) LIMIT 10   [ RunTime:0.000479s ]
INFO: [ view_parse ] --START--
INFO: ParseTemplate Behavior ::run [ RunTime:0.009053s ]
INFO: [ view_parse ] --END-- [ RunTime:0.009200s ]
INFO: [ view_filter ] --START--
INFO: ContentReplace Behavior ::run [ RunTime:0.000590s ]
INFO: TokenBuild Behavior ::run [ RunTime:0.000634s ]
INFO: WriteHtmlCache Behavior ::run [ RunTime:0.000872s ]
INFO: ShowRuntime Behavior ::run [ RunTime:0.001131s ]
INFO: [ view_filter ] --END-- [ RunTime:0.003659s ]
INFO: [ view_end ] --START--
INFO: ShowPageTrace Behavior ::run [ RunTime:0.000960s ]
INFO: [ view_end ] --END-- [ RunTime:0.001110s ]

[ 2014-03-25T11:06:03+08:00 ] 127.0.0.1 /user/reg
INFO: [ route_check ] --START--
INFO: CheckRoute Behavior ::run [ RunTime:0.000735s ]
INFO: [ route_check ] --END-- [ RunTime:0.000874s ]
INFO: [ app_begin ] --START--
INFO: ReadHtmlCache Behavior ::run [ RunTime:0.001501s ]
INFO: [ app_begin ] --END-- [ RunTime:0.001673s ]
SQL: SHOW COLUMNS FROM `mir_category` [ RunTime:0.003846s ]
SQL: SELECT * FROM `mir_category` WHERE ( `pid` = 1 )  [ RunTime:0.000296s ]
SQL: SHOW COLUMNS FROM `mir_product` [ RunTime:0.003856s ]
NOTIC: [8] Use of undefined constant status - assumed 'status' E:\wamp\www\Lib\Action\PreAction.class.php 第 9 行.
SQL: SELECT * FROM `mir_product` WHERE ( `recommand` = 1 ) AND ( `status` = 0 ) LIMIT 10   [ RunTime:0.000800s ]
INFO: [ view_parse ] --START--
INFO: ParseTemplate Behavior ::run [ RunTime:0.010306s ]
INFO: [ view_parse ] --END-- [ RunTime:0.010503s ]
INFO: [ view_filter ] --START--
INFO: ContentReplace Behavior ::run [ RunTime:0.000532s ]
INFO: TokenBuild Behavior ::run [ RunTime:0.000668s ]
INFO: WriteHtmlCache Behavior ::run [ RunTime:0.000383s ]
INFO: ShowRuntime Behavior ::run [ RunTime:0.000602s ]
INFO: [ view_filter ] --END-- [ RunTime:0.002473s ]
INFO: [ view_end ] --START--
INFO: ShowPageTrace Behavior ::run [ RunTime:0.000826s ]
INFO: [ view_end ] --END-- [ RunTime:0.000951s ]

[ 2014-03-25T11:06:12+08:00 ] 127.0.0.1 /
INFO: [ app_begin ] --START--
INFO: ReadHtmlCache Behavior ::run [ RunTime:0.000632s ]
INFO: [ app_begin ] --END-- [ RunTime:0.000755s ]
SQL: SHOW COLUMNS FROM `mir_category` [ RunTime:0.003848s ]
SQL: SELECT * FROM `mir_category` WHERE ( `pid` = 1 )  [ RunTime:0.000299s ]
SQL: SHOW COLUMNS FROM `mir_product` [ RunTime:0.004756s ]
NOTIC: [8] Use of undefined constant status - assumed 'status' E:\wamp\www\Lib\Action\PreAction.class.php 第 9 行.
SQL: SELECT * FROM `mir_product` WHERE ( `recommand` = 1 ) AND ( `status` = 0 ) LIMIT 10   [ RunTime:0.000821s ]
SQL: SELECT * FROM `mir_product` WHERE ( `status` = 0 ) ORDER BY server_time  [ RunTime:0.000750s ]
INFO: [ view_parse ] --START--
INFO: ParseTemplate Behavior ::run [ RunTime:0.023613s ]
INFO: [ view_parse ] --END-- [ RunTime:0.023743s ]
INFO: [ view_filter ] --START--
INFO: ContentReplace Behavior ::run [ RunTime:0.000773s ]
INFO: TokenBuild Behavior ::run [ RunTime:0.001145s ]
INFO: WriteHtmlCache Behavior ::run [ RunTime:0.000380s ]
INFO: ShowRuntime Behavior ::run [ RunTime:0.001090s ]
INFO: [ view_filter ] --END-- [ RunTime:0.003904s ]
INFO: [ view_end ] --START--
INFO: ShowPageTrace Behavior ::run [ RunTime:0.000727s ]
INFO: [ view_end ] --END-- [ RunTime:0.000827s ]

[ 2014-03-25T11:06:14+08:00 ] 127.0.0.1 /user/reg
INFO: [ route_check ] --START--
INFO: CheckRoute Behavior ::run [ RunTime:0.001350s ]
INFO: [ route_check ] --END-- [ RunTime:0.001532s ]
INFO: [ app_begin ] --START--
INFO: ReadHtmlCache Behavior ::run [ RunTime:0.000675s ]
INFO: [ app_begin ] --END-- [ RunTime:0.000796s ]
SQL: SHOW COLUMNS FROM `mir_category` [ RunTime:0.004357s ]
SQL: SELECT * FROM `mir_category` WHERE ( `pid` = 1 )  [ RunTime:0.002679s ]
SQL: SHOW COLUMNS FROM `mir_product` [ RunTime:0.006556s ]
NOTIC: [8] Use of undefined constant status - assumed 'status' E:\wamp\www\Lib\Action\PreAction.class.php 第 9 行.
SQL: SELECT * FROM `mir_product` WHERE ( `recommand` = 1 ) AND ( `status` = 0 ) LIMIT 10   [ RunTime:0.000448s ]
INFO: [ view_parse ] --START--
INFO: ParseTemplate Behavior ::run [ RunTime:0.009041s ]
INFO: [ view_parse ] --END-- [ RunTime:0.009309s ]
INFO: [ view_filter ] --START--
INFO: ContentReplace Behavior ::run [ RunTime:0.001101s ]
INFO: TokenBuild Behavior ::run [ RunTime:0.000742s ]
INFO: WriteHtmlCache Behavior ::run [ RunTime:0.000492s ]
INFO: ShowRuntime Behavior ::run [ RunTime:0.000686s ]
INFO: [ view_filter ] --END-- [ RunTime:0.003335s ]
INFO: [ view_end ] --START--
INFO: ShowPageTrace Behavior ::run [ RunTime:0.000621s ]
INFO: [ view_end ] --END-- [ RunTime:0.000721s ]

[ 2014-03-25T11:07:08+08:00 ] 127.0.0.1 /
INFO: [ app_begin ] --START--
INFO: ReadHtmlCache Behavior ::run [ RunTime:0.000949s ]
INFO: [ app_begin ] --END-- [ RunTime:0.001093s ]
SQL: SHOW COLUMNS FROM `mir_category` [ RunTime:0.003645s ]
SQL: SELECT * FROM `mir_category` WHERE ( `pid` = 1 )  [ RunTime:0.000260s ]
SQL: SHOW COLUMNS FROM `mir_product` [ RunTime:0.004611s ]
NOTIC: [8] Use of undefined constant status - assumed 'status' E:\wamp\www\Lib\Action\PreAction.class.php 第 9 行.
SQL: SELECT * FROM `mir_product` WHERE ( `recommand` = 1 ) AND ( `status` = 0 ) LIMIT 10   [ RunTime:0.000408s ]
SQL: SELECT * FROM `mir_product` WHERE ( `status` = 0 ) ORDER BY server_time  [ RunTime:0.000591s ]
INFO: [ view_parse ] --START--
INFO: ParseTemplate Behavior ::run [ RunTime:0.031508s ]
INFO: [ view_parse ] --END-- [ RunTime:0.031680s ]
INFO: [ view_filter ] --START--
INFO: ContentReplace Behavior ::run [ RunTime:0.001888s ]
INFO: TokenBuild Behavior ::run [ RunTime:0.001053s ]
INFO: WriteHtmlCache Behavior ::run [ RunTime:0.000823s ]
INFO: ShowRuntime Behavior ::run [ RunTime:0.001096s ]
INFO: [ view_filter ] --END-- [ RunTime:0.005225s ]
INFO: [ view_end ] --START--
INFO: ShowPageTrace Behavior ::run [ RunTime:0.000763s ]
INFO: [ view_end ] --END-- [ RunTime:0.000852s ]

[ 2014-03-25T11:07:11+08:00 ] 127.0.0.1 /user/reg
INFO: [ route_check ] --START--
INFO: CheckRoute Behavior ::run [ RunTime:0.001409s ]
INFO: [ route_check ] --END-- [ RunTime:0.001582s ]
INFO: [ app_begin ] --START--
INFO: ReadHtmlCache Behavior ::run [ RunTime:0.000906s ]
INFO: [ app_begin ] --END-- [ RunTime:0.001070s ]
SQL: SHOW COLUMNS FROM `mir_category` [ RunTime:0.006292s ]
SQL: SELECT * FROM `mir_category` WHERE ( `pid` = 1 )  [ RunTime:0.000336s ]
SQL: SHOW COLUMNS FROM `mir_product` [ RunTime:0.004268s ]
NOTIC: [8] Use of undefined constant status - assumed 'status' E:\wamp\www\Lib\Action\PreAction.class.php 第 9 行.
SQL: SELECT * FROM `mir_product` WHERE ( `recommand` = 1 ) AND ( `status` = 0 ) LIMIT 10   [ RunTime:0.000664s ]
INFO: [ view_parse ] --START--
INFO: ParseTemplate Behavior ::run [ RunTime:0.011890s ]
INFO: [ view_parse ] --END-- [ RunTime:0.012027s ]
INFO: [ view_filter ] --START--
INFO: ContentReplace Behavior ::run [ RunTime:0.000538s ]
INFO: TokenBuild Behavior ::run [ RunTime:0.000482s ]
INFO: WriteHtmlCache Behavior ::run [ RunTime:0.000426s ]
INFO: ShowRuntime Behavior ::run [ RunTime:0.000697s ]
INFO: [ view_filter ] --END-- [ RunTime:0.002400s ]
INFO: [ view_end ] --START--
INFO: ShowPageTrace Behavior ::run [ RunTime:0.000874s ]
INFO: [ view_end ] --END-- [ RunTime:0.001013s ]

[ 2014-03-25T11:07:48+08:00 ] 127.0.0.1 /user/reg
INFO: [ route_check ] --START--
INFO: CheckRoute Behavior ::run [ RunTime:0.000737s ]
INFO: [ route_check ] --END-- [ RunTime:0.000848s ]
INFO: [ app_begin ] --START--
INFO: ReadHtmlCache Behavior ::run [ RunTime:0.000614s ]
INFO: [ app_begin ] --END-- [ RunTime:0.000706s ]
SQL: SHOW COLUMNS FROM `mir_category` [ RunTime:0.004846s ]
SQL: SELECT * FROM `mir_category` WHERE ( `pid` = 1 )  [ RunTime:0.000307s ]
SQL: SHOW COLUMNS FROM `mir_product` [ RunTime:0.005326s ]
NOTIC: [8] Use of undefined constant status - assumed 'status' E:\wamp\www\Lib\Action\PreAction.class.php 第 9 行.
SQL: SELECT * FROM `mir_product` WHERE ( `recommand` = 1 ) AND ( `status` = 0 ) LIMIT 10   [ RunTime:0.000521s ]
INFO: [ view_parse ] --START--
INFO: ParseTemplate Behavior ::run [ RunTime:0.008087s ]
INFO: [ view_parse ] --END-- [ RunTime:0.008323s ]
INFO: [ view_filter ] --START--
INFO: ContentReplace Behavior ::run [ RunTime:0.000922s ]
INFO: TokenBuild Behavior ::run [ RunTime:0.000537s ]
INFO: WriteHtmlCache Behavior ::run [ RunTime:0.000377s ]
INFO: ShowRuntime Behavior ::run [ RunTime:0.000549s ]
INFO: [ view_filter ] --END-- [ RunTime:0.002650s ]
INFO: [ view_end ] --START--
INFO: ShowPageTrace Behavior ::run [ RunTime:0.000634s ]
INFO: [ view_end ] --END-- [ RunTime:0.000754s ]

[ 2014-03-25T11:08:25+08:00 ] 127.0.0.1 /user/reg
INFO: [ route_check ] --START--
INFO: CheckRoute Behavior ::run [ RunTime:0.001058s ]
INFO: [ route_check ] --END-- [ RunTime:0.001187s ]
INFO: [ app_begin ] --START--
INFO: ReadHtmlCache Behavior ::run [ RunTime:0.001510s ]
INFO: [ app_begin ] --END-- [ RunTime:0.001629s ]
SQL: SHOW COLUMNS FROM `mir_category` [ RunTime:0.005096s ]
SQL: SELECT * FROM `mir_category` WHERE ( `pid` = 1 )  [ RunTime:0.000601s ]
SQL: SHOW COLUMNS FROM `mir_product` [ RunTime:0.005379s ]
NOTIC: [8] Use of undefined constant status - assumed 'status' E:\wamp\www\Lib\Action\PreAction.class.php 第 9 行.
SQL: SELECT * FROM `mir_product` WHERE ( `recommand` = 1 ) AND ( `status` = 0 ) LIMIT 10   [ RunTime:0.000482s ]
INFO: [ view_parse ] --START--
INFO: ParseTemplate Behavior ::run [ RunTime:0.008712s ]
INFO: [ view_parse ] --END-- [ RunTime:0.008862s ]
INFO: [ view_filter ] --START--
INFO: ContentReplace Behavior ::run [ RunTime:0.000980s ]
INFO: TokenBuild Behavior ::run [ RunTime:0.001600s ]
INFO: WriteHtmlCache Behavior ::run [ RunTime:0.001217s ]
INFO: ShowRuntime Behavior ::run [ RunTime:0.001676s ]
INFO: [ view_filter ] --END-- [ RunTime:0.006009s ]
INFO: [ view_end ] --START--
INFO: ShowPageTrace Behavior ::run [ RunTime:0.001159s ]
INFO: [ view_end ] --END-- [ RunTime:0.001314s ]

[ 2014-03-25T11:10:06+08:00 ] 127.0.0.1 /user/forget
INFO: [ route_check ] --START--
INFO: CheckRoute Behavior ::run [ RunTime:0.004535s ]
INFO: [ route_check ] --END-- [ RunTime:0.005953s ]
INFO: [ app_begin ] --START--
INFO: ReadHtmlCache Behavior ::run [ RunTime:0.000966s ]
INFO: [ app_begin ] --END-- [ RunTime:0.001080s ]
SQL: SHOW COLUMNS FROM `mir_category` [ RunTime:0.008478s ]
SQL: SELECT * FROM `mir_category` WHERE ( `pid` = 1 )  [ RunTime:0.000490s ]
SQL: SHOW COLUMNS FROM `mir_product` [ RunTime:0.004090s ]
NOTIC: [8] Use of undefined constant status - assumed 'status' E:\wamp\www\Lib\Action\PreAction.class.php 第 9 行.
SQL: SELECT * FROM `mir_product` WHERE ( `recommand` = 1 ) AND ( `status` = 0 ) LIMIT 10   [ RunTime:0.000527s ]
INFO: [ view_parse ] --START--
INFO: ParseTemplate Behavior ::run [ RunTime:0.041639s ]
INFO: [ view_parse ] --END-- [ RunTime:0.041884s ]
INFO: [ view_filter ] --START--
INFO: ContentReplace Behavior ::run [ RunTime:0.000936s ]
INFO: TokenBuild Behavior ::run [ RunTime:0.000778s ]
INFO: WriteHtmlCache Behavior ::run [ RunTime:0.000542s ]
INFO: ShowRuntime Behavior ::run [ RunTime:0.000753s ]
INFO: [ view_filter ] --END-- [ RunTime:0.003283s ]
INFO: [ view_end ] --START--
INFO: ShowPageTrace Behavior ::run [ RunTime:0.000892s ]
INFO: [ view_end ] --END-- [ RunTime:0.000994s ]

[ 2014-03-25T11:16:09+08:00 ] 127.0.0.1 /user/forget
INFO: [ route_check ] --START--
INFO: CheckRoute Behavior ::run [ RunTime:0.001072s ]
INFO: [ route_check ] --END-- [ RunTime:0.001191s ]
INFO: [ app_begin ] --START--
INFO: ReadHtmlCache Behavior ::run [ RunTime:0.000959s ]
INFO: [ app_begin ] --END-- [ RunTime:0.001081s ]
SQL: SHOW COLUMNS FROM `mir_category` [ RunTime:0.004302s ]
SQL: SELECT * FROM `mir_category` WHERE ( `pid` = 1 )  [ RunTime:0.000329s ]
SQL: SHOW COLUMNS FROM `mir_product` [ RunTime:0.004766s ]
NOTIC: [8] Use of undefined constant status - assumed 'status' E:\wamp\www\Lib\Action\PreAction.class.php 第 9 行.
SQL: SELECT * FROM `mir_product` WHERE ( `recommand` = 1 ) AND ( `status` = 0 ) LIMIT 10   [ RunTime:0.000517s ]
INFO: [ view_parse ] --START--
INFO: ParseTemplate Behavior ::run [ RunTime:0.020200s ]
INFO: [ view_parse ] --END-- [ RunTime:0.020328s ]
INFO: [ view_filter ] --START--
INFO: ContentReplace Behavior ::run [ RunTime:0.000727s ]
INFO: TokenBuild Behavior ::run [ RunTime:0.000606s ]
INFO: WriteHtmlCache Behavior ::run [ RunTime:0.000503s ]
INFO: ShowRuntime Behavior ::run [ RunTime:0.000684s ]
INFO: [ view_filter ] --END-- [ RunTime:0.002780s ]
INFO: [ view_end ] --START--
INFO: ShowPageTrace Behavior ::run [ RunTime:0.000739s ]
INFO: [ view_end ] --END-- [ RunTime:0.000825s ]

[ 2014-03-25T11:16:11+08:00 ] 127.0.0.1 /user/reg
INFO: [ route_check ] --START--
INFO: CheckRoute Behavior ::run [ RunTime:0.001156s ]
INFO: [ route_check ] --END-- [ RunTime:0.001292s ]
INFO: [ app_begin ] --START--
INFO: ReadHtmlCache Behavior ::run [ RunTime:0.001119s ]
INFO: [ app_begin ] --END-- [ RunTime:0.001317s ]
SQL: SHOW COLUMNS FROM `mir_category` [ RunTime:0.004218s ]
SQL: SELECT * FROM `mir_category` WHERE ( `pid` = 1 )  [ RunTime:0.000735s ]
SQL: SHOW COLUMNS FROM `mir_product` [ RunTime:0.005996s ]
NOTIC: [8] Use of undefined constant status - assumed 'status' E:\wamp\www\Lib\Action\PreAction.class.php 第 9 行.
SQL: SELECT * FROM `mir_product` WHERE ( `recommand` = 1 ) AND ( `status` = 0 ) LIMIT 10   [ RunTime:0.000727s ]
INFO: [ view_parse ] --START--
INFO: ParseTemplate Behavior ::run [ RunTime:0.009769s ]
INFO: [ view_parse ] --END-- [ RunTime:0.009962s ]
INFO: [ view_filter ] --START--
INFO: ContentReplace Behavior ::run [ RunTime:0.000887s ]
INFO: TokenBuild Behavior ::run [ RunTime:0.000785s ]
INFO: WriteHtmlCache Behavior ::run [ RunTime:0.000990s ]
INFO: ShowRuntime Behavior ::run [ RunTime:0.001038s ]
INFO: [ view_filter ] --END-- [ RunTime:0.004087s ]
INFO: [ view_end ] --START--
INFO: ShowPageTrace Behavior ::run [ RunTime:0.001528s ]
INFO: [ view_end ] --END-- [ RunTime:0.001656s ]

[ 2014-03-25T11:19:43+08:00 ] 127.0.0.1 /user/reg
INFO: [ route_check ] --START--
INFO: CheckRoute Behavior ::run [ RunTime:0.001271s ]
INFO: [ route_check ] --END-- [ RunTime:0.001439s ]
INFO: [ app_begin ] --START--
INFO: ReadHtmlCache Behavior ::run [ RunTime:0.000945s ]
INFO: [ app_begin ] --END-- [ RunTime:0.001089s ]
SQL: SHOW COLUMNS FROM `mir_category` [ RunTime:0.003665s ]
SQL: SELECT * FROM `mir_category` WHERE ( `pid` = 1 )  [ RunTime:0.000336s ]
SQL: SHOW COLUMNS FROM `mir_product` [ RunTime:0.003857s ]
NOTIC: [8] Use of undefined constant status - assumed 'status' E:\wamp\www\Lib\Action\PreAction.class.php 第 9 行.
SQL: SELECT * FROM `mir_product` WHERE ( `recommand` = 1 ) AND ( `status` = 0 ) LIMIT 10   [ RunTime:0.000466s ]
INFO: [ view_parse ] --START--
INFO: ParseTemplate Behavior ::run [ RunTime:0.007784s ]
INFO: [ view_parse ] --END-- [ RunTime:0.007953s ]
INFO: [ view_filter ] --START--
INFO: ContentReplace Behavior ::run [ RunTime:0.000640s ]
INFO: TokenBuild Behavior ::run [ RunTime:0.000715s ]
INFO: WriteHtmlCache Behavior ::run [ RunTime:0.000529s ]
INFO: ShowRuntime Behavior ::run [ RunTime:0.000694s ]
INFO: [ view_filter ] --END-- [ RunTime:0.002873s ]
INFO: [ view_end ] --START--
INFO: ShowPageTrace Behavior ::run [ RunTime:0.000828s ]
INFO: [ view_end ] --END-- [ RunTime:0.000929s ]

[ 2014-03-25T11:19:43+08:00 ] 127.0.0.1 /Public/css/regester/regester.css
INFO: [ route_check ] --START--
INFO: CheckRoute Behavior ::run [ RunTime:0.001085s ]
INFO: [ route_check ] --END-- [ RunTime:0.001207s ]
INFO: [ app_begin ] --START--
INFO: ReadHtmlCache Behavior ::run [ RunTime:0.001232s ]
INFO: [ app_begin ] --END-- [ RunTime:0.001346s ]
ERR: 无法加载模块:Public

[ 2014-03-25T11:20:23+08:00 ] 127.0.0.1 /user/reg
INFO: [ route_check ] --START--
INFO: CheckRoute Behavior ::run [ RunTime:0.001164s ]
INFO: [ route_check ] --END-- [ RunTime:0.001291s ]
INFO: [ app_begin ] --START--
INFO: ReadHtmlCache Behavior ::run [ RunTime:0.000793s ]
INFO: [ app_begin ] --END-- [ RunTime:0.000913s ]
SQL: SHOW COLUMNS FROM `mir_category` [ RunTime:0.004138s ]
SQL: SELECT * FROM `mir_category` WHERE ( `pid` = 1 )  [ RunTime:0.000297s ]
SQL: SHOW COLUMNS FROM `mir_product` [ RunTime:0.003796s ]
NOTIC: [8] Use of undefined constant status - assumed 'status' E:\wamp\www\Lib\Action\PreAction.class.php 第 9 行.
SQL: SELECT * FROM `mir_product` WHERE ( `recommand` = 1 ) AND ( `status` = 0 ) LIMIT 10   [ RunTime:0.000432s ]
INFO: [ view_parse ] --START--
INFO: ParseTemplate Behavior ::run [ RunTime:0.009705s ]
INFO: [ view_parse ] --END-- [ RunTime:0.009968s ]
INFO: [ view_filter ] --START--
INFO: ContentReplace Behavior ::run [ RunTime:0.001762s ]
INFO: TokenBuild Behavior ::run [ RunTime:0.001258s ]
INFO: WriteHtmlCache Behavior ::run [ RunTime:0.000939s ]
INFO: ShowRuntime Behavior ::run [ RunTime:0.000992s ]
INFO: [ view_filter ] --END-- [ RunTime:0.005563s ]
INFO: [ view_end ] --START--
INFO: ShowPageTrace Behavior ::run [ RunTime:0.001201s ]
INFO: [ view_end ] --END-- [ RunTime:0.001330s ]

[ 2014-03-25T11:20:25+08:00 ] 127.0.0.1 /user/reg
INFO: [ route_check ] --START--
INFO: CheckRoute Behavior ::run [ RunTime:0.001108s ]
INFO: [ route_check ] --END-- [ RunTime:0.001283s ]
INFO: [ app_begin ] --START--
INFO: ReadHtmlCache Behavior ::run [ RunTime:0.000695s ]
INFO: [ app_begin ] --END-- [ RunTime:0.000812s ]
SQL: SHOW COLUMNS FROM `mir_category` [ RunTime:0.003889s ]
SQL: SELECT * FROM `mir_category` WHERE ( `pid` = 1 )  [ RunTime:0.000562s ]
SQL: SHOW COLUMNS FROM `mir_product` [ RunTime:0.004935s ]
NOTIC: [8] Use of undefined constant status - assumed 'status' E:\wamp\www\Lib\Action\PreAction.class.php 第 9 行.
SQL: SELECT * FROM `mir_product` WHERE ( `recommand` = 1 ) AND ( `status` = 0 ) LIMIT 10   [ RunTime:0.000597s ]
INFO: [ view_parse ] --START--
INFO: ParseTemplate Behavior ::run [ RunTime:0.012168s ]
INFO: [ view_parse ] --END-- [ RunTime:0.012365s ]
INFO: [ view_filter ] --START--
INFO: ContentReplace Behavior ::run [ RunTime:0.000777s ]
INFO: TokenBuild Behavior ::run [ RunTime:0.000693s ]
INFO: WriteHtmlCache Behavior ::run [ RunTime:0.000482s ]
INFO: ShowRuntime Behavior ::run [ RunTime:0.000721s ]
INFO: [ view_filter ] --END-- [ RunTime:0.003044s ]
INFO: [ view_end ] --START--
INFO: ShowPageTrace Behavior ::run [ RunTime:0.001513s ]
INFO: [ view_end ] --END-- [ RunTime:0.001676s ]

[ 2014-03-25T11:20:28+08:00 ] 127.0.0.1 /user/reg
INFO: [ route_check ] --START--
INFO: CheckRoute Behavior ::run [ RunTime:0.000720s ]
INFO: [ route_check ] --END-- [ RunTime:0.000853s ]
INFO: [ app_begin ] --START--
INFO: ReadHtmlCache Behavior ::run [ RunTime:0.001221s ]
INFO: [ app_begin ] --END-- [ RunTime:0.001481s ]
SQL: SHOW COLUMNS FROM `mir_category` [ RunTime:0.004429s ]
SQL: SELECT * FROM `mir_category` WHERE ( `pid` = 1 )  [ RunTime:0.000374s ]
SQL: SHOW COLUMNS FROM `mir_product` [ RunTime:0.004995s ]
NOTIC: [8] Use of undefined constant status - assumed 'status' E:\wamp\www\Lib\Action\PreAction.class.php 第 9 行.
SQL: SELECT * FROM `mir_product` WHERE ( `recommand` = 1 ) AND ( `status` = 0 ) LIMIT 10   [ RunTime:0.000999s ]
INFO: [ view_parse ] --START--
INFO: ParseTemplate Behavior ::run [ RunTime:0.008535s ]
INFO: [ view_parse ] --END-- [ RunTime:0.008698s ]
INFO: [ view_filter ] --START--
INFO: ContentReplace Behavior ::run [ RunTime:0.000616s ]
INFO: TokenBuild Behavior ::run [ RunTime:0.000940s ]
INFO: WriteHtmlCache Behavior ::run [ RunTime:0.001001s ]
INFO: ShowRuntime Behavior ::run [ RunTime:0.001014s ]
INFO: [ view_filter ] --END-- [ RunTime:0.003935s ]
INFO: [ view_end ] --START--
INFO: ShowPageTrace Behavior ::run [ RunTime:0.001169s ]
INFO: [ view_end ] --END-- [ RunTime:0.001333s ]

[ 2014-03-25T11:21:20+08:00 ] 127.0.0.1 /user/reg
INFO: [ route_check ] --START--
INFO: CheckRoute Behavior ::run [ RunTime:0.001004s ]
INFO: [ route_check ] --END-- [ RunTime:0.001213s ]
INFO: [ app_begin ] --START--
INFO: ReadHtmlCache Behavior ::run [ RunTime:0.000591s ]
INFO: [ app_begin ] --END-- [ RunTime:0.000732s ]
SQL: SHOW COLUMNS FROM `mir_category` [ RunTime:0.003827s ]
SQL: SELECT * FROM `mir_category` WHERE ( `pid` = 1 )  [ RunTime:0.000359s ]
SQL: SHOW COLUMNS FROM `mir_product` [ RunTime:0.005272s ]
NOTIC: [8] Use of undefined constant status - assumed 'status' E:\wamp\www\Lib\Action\PreAction.class.php 第 9 行.
SQL: SELECT * FROM `mir_product` WHERE ( `recommand` = 1 ) AND ( `status` = 0 ) LIMIT 10   [ RunTime:0.000484s ]
INFO: [ view_parse ] --START--
INFO: ParseTemplate Behavior ::run [ RunTime:0.007235s ]
INFO: [ view_parse ] --END-- [ RunTime:0.007358s ]
INFO: [ view_filter ] --START--
INFO: ContentReplace Behavior ::run [ RunTime:0.000488s ]
INFO: TokenBuild Behavior ::run [ RunTime:0.000538s ]
INFO: WriteHtmlCache Behavior ::run [ RunTime:0.000413s ]
INFO: ShowRuntime Behavior ::run [ RunTime:0.000580s ]
INFO: [ view_filter ] --END-- [ RunTime:0.002291s ]
INFO: [ view_end ] --START--
INFO: ShowPageTrace Behavior ::run [ RunTime:0.001281s ]
INFO: [ view_end ] --END-- [ RunTime:0.001629s ]

[ 2014-03-25T11:21:21+08:00 ] 127.0.0.1 /user/reg
INFO: [ route_check ] --START--
INFO: CheckRoute Behavior ::run [ RunTime:0.000790s ]
INFO: [ route_check ] --END-- [ RunTime:0.000903s ]
INFO: [ app_begin ] --START--
INFO: ReadHtmlCache Behavior ::run [ RunTime:0.000579s ]
INFO: [ app_begin ] --END-- [ RunTime:0.000670s ]
SQL: SHOW COLUMNS FROM `mir_category` [ RunTime:0.004440s ]
SQL: SELECT * FROM `mir_category` WHERE ( `pid` = 1 )  [ RunTime:0.000571s ]
SQL: SHOW COLUMNS FROM `mir_product` [ RunTime:0.004540s ]
NOTIC: [8] Use of undefined constant status - assumed 'status' E:\wamp\www\Lib\Action\PreAction.class.php 第 9 行.
SQL: SELECT * FROM `mir_product` WHERE ( `recommand` = 1 ) AND ( `status` = 0 ) LIMIT 10   [ RunTime:0.000509s ]
INFO: [ view_parse ] --START--
INFO: ParseTemplate Behavior ::run [ RunTime:0.009342s ]
INFO: [ view_parse ] --END-- [ RunTime:0.009521s ]
INFO: [ view_filter ] --START--
INFO: ContentReplace Behavior ::run [ RunTime:0.000566s ]
INFO: TokenBuild Behavior ::run [ RunTime:0.000545s ]
INFO: WriteHtmlCache Behavior ::run [ RunTime:0.000574s ]
INFO: ShowRuntime Behavior ::run [ RunTime:0.000597s ]
INFO: [ view_filter ] --END-- [ RunTime:0.002635s ]
INFO: [ view_end ] --START--
INFO: ShowPageTrace Behavior ::run [ RunTime:0.000723s ]
INFO: [ view_end ] --END-- [ RunTime:0.000829s ]

[ 2014-03-25T11:21:22+08:00 ] 127.0.0.1 /user/reg
INFO: [ route_check ] --START--
INFO: CheckRoute Behavior ::run [ RunTime:0.000809s ]
INFO: [ route_check ] --END-- [ RunTime:0.000941s ]
INFO: [ app_begin ] --START--
INFO: ReadHtmlCache Behavior ::run [ RunTime:0.000648s ]
INFO: [ app_begin ] --END-- [ RunTime:0.000749s ]
SQL: SHOW COLUMNS FROM `mir_category` [ RunTime:0.004780s ]
SQL: SELECT * FROM `mir_category` WHERE ( `pid` = 1 )  [ RunTime:0.001167s ]
SQL: SHOW COLUMNS FROM `mir_product` [ RunTime:0.004379s ]
NOTIC: [8] Use of undefined constant status - assumed 'status' E:\wamp\www\Lib\Action\PreAction.class.php 第 9 行.
SQL: SELECT * FROM `mir_product` WHERE ( `recommand` = 1 ) AND ( `status` = 0 ) LIMIT 10   [ RunTime:0.000515s ]
INFO: [ view_parse ] --START--
INFO: ParseTemplate Behavior ::run [ RunTime:0.008373s ]
INFO: [ view_parse ] --END-- [ RunTime:0.008513s ]
INFO: [ view_filter ] --START--
INFO: ContentReplace Behavior ::run [ RunTime:0.000490s ]
INFO: TokenBuild Behavior ::run [ RunTime:0.000604s ]
INFO: WriteHtmlCache Behavior ::run [ RunTime:0.000396s ]
INFO: ShowRuntime Behavior ::run [ RunTime:0.000621s ]
INFO: [ view_filter ] --END-- [ RunTime:0.002403s ]
INFO: [ view_end ] --START--
INFO: ShowPageTrace Behavior ::run [ RunTime:0.000743s ]
INFO: [ view_end ] --END-- [ RunTime:0.000847s ]

[ 2014-03-25T11:21:22+08:00 ] 127.0.0.1 /user/reg
INFO: [ route_check ] --START--
INFO: CheckRoute Behavior ::run [ RunTime:0.000752s ]
INFO: [ route_check ] --END-- [ RunTime:0.000867s ]
INFO: [ app_begin ] --START--
INFO: ReadHtmlCache Behavior ::run [ RunTime:0.000586s ]
INFO: [ app_begin ] --END-- [ RunTime:0.000676s ]
SQL: SHOW COLUMNS FROM `mir_category` [ RunTime:0.004178s ]
SQL: SELECT * FROM `mir_category` WHERE ( `pid` = 1 )  [ RunTime:0.000299s ]
SQL: SHOW COLUMNS FROM `mir_product` [ RunTime:0.004176s ]
NOTIC: [8] Use of undefined constant status - assumed 'status' E:\wamp\www\Lib\Action\PreAction.class.php 第 9 行.
SQL: SELECT * FROM `mir_product` WHERE ( `recommand` = 1 ) AND ( `status` = 0 ) LIMIT 10   [ RunTime:0.000458s ]
INFO: [ view_parse ] --START--
INFO: ParseTemplate Behavior ::run [ RunTime:0.007216s ]
INFO: [ view_parse ] --END-- [ RunTime:0.007418s ]
INFO: [ view_filter ] --START--
INFO: ContentReplace Behavior ::run [ RunTime:0.000570s ]
INFO: TokenBuild Behavior ::run [ RunTime:0.000554s ]
INFO: WriteHtmlCache Behavior ::run [ RunTime:0.001087s ]
INFO: ShowRuntime Behavior ::run [ RunTime:0.001226s ]
INFO: [ view_filter ] --END-- [ RunTime:0.003845s ]
INFO: [ view_end ] --START--
INFO: ShowPageTrace Behavior ::run [ RunTime:0.001023s ]
INFO: [ view_end ] --END-- [ RunTime:0.001216s ]

[ 2014-03-25T11:21:22+08:00 ] 127.0.0.1 /user/reg
INFO: [ route_check ] --START--
INFO: CheckRoute Behavior ::run [ RunTime:0.001140s ]
INFO: [ route_check ] --END-- [ RunTime:0.001271s ]
INFO: [ app_begin ] --START--
INFO: ReadHtmlCache Behavior ::run [ RunTime:0.000791s ]
INFO: [ app_begin ] --END-- [ RunTime:0.000906s ]
SQL: SHOW COLUMNS FROM `mir_category` [ RunTime:0.005079s ]
SQL: SELECT * FROM `mir_category` WHERE ( `pid` = 1 )  [ RunTime:0.000273s ]
SQL: SHOW COLUMNS FROM `mir_product` [ RunTime:0.004032s ]
NOTIC: [8] Use of undefined constant status - assumed 'status' E:\wamp\www\Lib\Action\PreAction.class.php 第 9 行.
SQL: SELECT * FROM `mir_product` WHERE ( `recommand` = 1 ) AND ( `status` = 0 ) LIMIT 10   [ RunTime:0.000744s ]
INFO: [ view_parse ] --START--
INFO: ParseTemplate Behavior ::run [ RunTime:0.012779s ]
INFO: [ view_parse ] --END-- [ RunTime:0.012955s ]
INFO: [ view_filter ] --START--
INFO: ContentReplace Behavior ::run [ RunTime:0.000752s ]
INFO: TokenBuild Behavior ::run [ RunTime:0.001155s ]
INFO: WriteHtmlCache Behavior ::run [ RunTime:0.000541s ]
INFO: ShowRuntime Behavior ::run [ RunTime:0.000690s ]
INFO: [ view_filter ] --END-- [ RunTime:0.003484s ]
INFO: [ view_end ] --START--
INFO: ShowPageTrace Behavior ::run [ RunTime:0.000842s ]
INFO: [ view_end ] --END-- [ RunTime:0.000951s ]

[ 2014-03-25T11:21:22+08:00 ] 127.0.0.1 /user/reg
INFO: [ route_check ] --START--
INFO: CheckRoute Behavior ::run [ RunTime:0.000794s ]
INFO: [ route_check ] --END-- [ RunTime:0.000910s ]
INFO: [ app_begin ] --START--
INFO: ReadHtmlCache Behavior ::run [ RunTime:0.000562s ]
INFO: [ app_begin ] --END-- [ RunTime:0.000652s ]
SQL: SHOW COLUMNS FROM `mir_category` [ RunTime:0.003957s ]
SQL: SELECT * FROM `mir_category` WHERE ( `pid` = 1 )  [ RunTime:0.000383s ]
SQL: SHOW COLUMNS FROM `mir_product` [ RunTime:0.004718s ]
NOTIC: [8] Use of undefined constant status - assumed 'status' E:\wamp\www\Lib\Action\PreAction.class.php 第 9 行.
SQL: SELECT * FROM `mir_product` WHERE ( `recommand` = 1 ) AND ( `status` = 0 ) LIMIT 10   [ RunTime:0.000436s ]
INFO: [ view_parse ] --START--
INFO: ParseTemplate Behavior ::run [ RunTime:0.007709s ]
INFO: [ view_parse ] --END-- [ RunTime:0.007951s ]
INFO: [ view_filter ] --START--
INFO: ContentReplace Behavior ::run [ RunTime:0.001241s ]
INFO: TokenBuild Behavior ::run [ RunTime:0.001709s ]
INFO: WriteHtmlCache Behavior ::run [ RunTime:0.000898s ]
INFO: ShowRuntime Behavior ::run [ RunTime:0.000845s ]
INFO: [ view_filter ] --END-- [ RunTime:0.005183s ]
INFO: [ view_end ] --START--
INFO: ShowPageTrace Behavior ::run [ RunTime:0.000801s ]
INFO: [ view_end ] --END-- [ RunTime:0.000912s ]

[ 2014-03-25T11:21:26+08:00 ] 127.0.0.1 /user/reg
INFO: [ route_check ] --START--
INFO: CheckRoute Behavior ::run [ RunTime:0.001249s ]
INFO: [ route_check ] --END-- [ RunTime:0.001461s ]
INFO: [ app_begin ] --START--
INFO: ReadHtmlCache Behavior ::run [ RunTime:0.000864s ]
INFO: [ app_begin ] --END-- [ RunTime:0.001000s ]
SQL: SHOW COLUMNS FROM `mir_category` [ RunTime:0.005779s ]
SQL: SELECT * FROM `mir_category` WHERE ( `pid` = 1 )  [ RunTime:0.000727s ]
SQL: SHOW COLUMNS FROM `mir_product` [ RunTime:0.004945s ]
NOTIC: [8] Use of undefined constant status - assumed 'status' E:\wamp\www\Lib\Action\PreAction.class.php 第 9 行.
SQL: SELECT * FROM `mir_product` WHERE ( `recommand` = 1 ) AND ( `status` = 0 ) LIMIT 10   [ RunTime:0.000578s ]
INFO: [ view_parse ] --START--
INFO: ParseTemplate Behavior ::run [ RunTime:0.008916s ]
INFO: [ view_parse ] --END-- [ RunTime:0.009071s ]
INFO: [ view_filter ] --START--
INFO: ContentReplace Behavior ::run [ RunTime:0.000498s ]
INFO: TokenBuild Behavior ::run [ RunTime:0.000476s ]
INFO: WriteHtmlCache Behavior ::run [ RunTime:0.000438s ]
INFO: ShowRuntime Behavior ::run [ RunTime:0.001296s ]
INFO: [ view_filter ] --END-- [ RunTime:0.003001s ]
INFO: [ view_end ] --START--
INFO: ShowPageTrace Behavior ::run [ RunTime:0.000803s ]
INFO: [ view_end ] --END-- [ RunTime:0.000905s ]

[ 2014-03-25T11:23:21+08:00 ] 127.0.0.1 /user/reg
INFO: [ route_check ] --START--
INFO: CheckRoute Behavior ::run [ RunTime:0.001172s ]
INFO: [ route_check ] --END-- [ RunTime:0.001304s ]
INFO: [ app_begin ] --START--
INFO: ReadHtmlCache Behavior ::run [ RunTime:0.000799s ]
INFO: [ app_begin ] --END-- [ RunTime:0.000921s ]
SQL: SHOW COLUMNS FROM `mir_category` [ RunTime:0.004053s ]
SQL: SELECT * FROM `mir_category` WHERE ( `pid` = 1 )  [ RunTime:0.000295s ]
SQL: SHOW COLUMNS FROM `mir_product` [ RunTime:0.006052s ]
NOTIC: [8] Use of undefined constant status - assumed 'status' E:\wamp\www\Lib\Action\PreAction.class.php 第 9 行.
SQL: SELECT * FROM `mir_product` WHERE ( `recommand` = 1 ) AND ( `status` = 0 ) LIMIT 10   [ RunTime:0.001363s ]
INFO: [ view_parse ] --START--
INFO: ParseTemplate Behavior ::run [ RunTime:0.011644s ]
INFO: [ view_parse ] --END-- [ RunTime:0.011949s ]
INFO: [ view_filter ] --START--
INFO: ContentReplace Behavior ::run [ RunTime:0.000841s ]
INFO: TokenBuild Behavior ::run [ RunTime:0.000741s ]
INFO: WriteHtmlCache Behavior ::run [ RunTime:0.000527s ]
INFO: ShowRuntime Behavior ::run [ RunTime:0.000743s ]
INFO: [ view_filter ] --END-- [ RunTime:0.003181s ]
INFO: [ view_end ] --START--
INFO: ShowPageTrace Behavior ::run [ RunTime:0.000867s ]
INFO: [ view_end ] --END-- [ RunTime:0.000973s ]

[ 2014-03-25T11:25:49+08:00 ] 127.0.0.1 /user/reg
INFO: [ route_check ] --START--
INFO: CheckRoute Behavior ::run [ RunTime:0.001387s ]
INFO: [ route_check ] --END-- [ RunTime:0.001523s ]
INFO: [ app_begin ] --START--
INFO: ReadHtmlCache Behavior ::run [ RunTime:0.000729s ]
INFO: [ app_begin ] --END-- [ RunTime:0.000837s ]
SQL: SHOW COLUMNS FROM `mir_category` [ RunTime:0.005017s ]
SQL: SELECT * FROM `mir_category` WHERE ( `pid` = 1 )  [ RunTime:0.000546s ]
SQL: SHOW COLUMNS FROM `mir_product` [ RunTime:0.006486s ]
NOTIC: [8] Use of undefined constant status - assumed 'status' E:\wamp\www\Lib\Action\PreAction.class.php 第 9 行.
SQL: SELECT * FROM `mir_product` WHERE ( `recommand` = 1 ) AND ( `status` = 0 ) LIMIT 10   [ RunTime:0.000470s ]
INFO: [ view_parse ] --START--
INFO: ParseTemplate Behavior ::run [ RunTime:0.007475s ]
INFO: [ view_parse ] --END-- [ RunTime:0.007604s ]
INFO: [ view_filter ] --START--
INFO: ContentReplace Behavior ::run [ RunTime:0.000640s ]
INFO: TokenBuild Behavior ::run [ RunTime:0.000622s ]
INFO: WriteHtmlCache Behavior ::run [ RunTime:0.000513s ]
INFO: ShowRuntime Behavior ::run [ RunTime:0.000899s ]
INFO: [ view_filter ] --END-- [ RunTime:0.002984s ]
INFO: [ view_end ] --START--
INFO: ShowPageTrace Behavior ::run [ RunTime:0.001147s ]
INFO: [ view_end ] --END-- [ RunTime:0.001272s ]

[ 2014-03-25T14:09:26+08:00 ] 127.0.0.1 /user/forget
INFO: [ route_check ] --START--
INFO: CheckRoute Behavior ::run [ RunTime:0.002284s ]
INFO: [ route_check ] --END-- [ RunTime:0.002429s ]
INFO: [ app_begin ] --START--
INFO: ReadHtmlCache Behavior ::run [ RunTime:0.006035s ]
INFO: [ app_begin ] --END-- [ RunTime:0.006180s ]
SQL: SHOW COLUMNS FROM `mir_category` [ RunTime:0.007161s ]
SQL: SELECT * FROM `mir_category` WHERE ( `pid` = 1 )  [ RunTime:0.000318s ]
SQL: SHOW COLUMNS FROM `mir_product` [ RunTime:0.004300s ]
NOTIC: [8] Use of undefined constant status - assumed 'status' E:\wamp\www\Lib\Action\PreAction.class.php 第 9 行.
SQL: SELECT * FROM `mir_product` WHERE ( `recommand` = 1 ) AND ( `status` = 0 ) LIMIT 10   [ RunTime:0.000631s ]
INFO: [ view_parse ] --START--
INFO: ParseTemplate Behavior ::run [ RunTime:0.063326s ]
INFO: [ view_parse ] --END-- [ RunTime:0.063565s ]
INFO: [ view_filter ] --START--
INFO: ContentReplace Behavior ::run [ RunTime:0.001718s ]
INFO: TokenBuild Behavior ::run [ RunTime:0.008031s ]
INFO: WriteHtmlCache Behavior ::run [ RunTime:0.001553s ]
INFO: ShowRuntime Behavior ::run [ RunTime:0.001268s ]
INFO: [ view_filter ] --END-- [ RunTime:0.012910s ]
INFO: [ view_end ] --START--
INFO: ShowPageTrace Behavior ::run [ RunTime:0.001354s ]
INFO: [ view_end ] --END-- [ RunTime:0.001453s ]

[ 2014-03-25T14:09:40+08:00 ] 127.0.0.1 /user/reg
INFO: [ route_check ] --START--
INFO: CheckRoute Behavior ::run [ RunTime:0.001264s ]
INFO: [ route_check ] --END-- [ RunTime:0.001404s ]
INFO: [ app_begin ] --START--
INFO: ReadHtmlCache Behavior ::run [ RunTime:0.000864s ]
INFO: [ app_begin ] --END-- [ RunTime:0.000975s ]
SQL: SHOW COLUMNS FROM `mir_category` [ RunTime:0.003897s ]
SQL: SELECT * FROM `mir_category` WHERE ( `pid` = 1 )  [ RunTime:0.000858s ]
SQL: SHOW COLUMNS FROM `mir_product` [ RunTime:0.006411s ]
NOTIC: [8] Use of undefined constant status - assumed 'status' E:\wamp\www\Lib\Action\PreAction.class.php 第 9 行.
SQL: SELECT * FROM `mir_product` WHERE ( `recommand` = 1 ) AND ( `status` = 0 ) LIMIT 10   [ RunTime:0.000460s ]
INFO: [ view_parse ] --START--
INFO: ParseTemplate Behavior ::run [ RunTime:0.009028s ]
INFO: [ view_parse ] --END-- [ RunTime:0.009200s ]
INFO: [ view_filter ] --START--
INFO: ContentReplace Behavior ::run [ RunTime:0.000889s ]
INFO: TokenBuild Behavior ::run [ RunTime:0.001153s ]
INFO: WriteHtmlCache Behavior ::run [ RunTime:0.000635s ]
INFO: ShowRuntime Behavior ::run [ RunTime:0.001012s ]
INFO: [ view_filter ] --END-- [ RunTime:0.004077s ]
INFO: [ view_end ] --START--
INFO: ShowPageTrace Behavior ::run [ RunTime:0.001254s ]
INFO: [ view_end ] --END-- [ RunTime:0.001398s ]

[ 2014-03-25T14:09:54+08:00 ] 127.0.0.1 /user/reg
INFO: [ route_check ] --START--
INFO: CheckRoute Behavior ::run [ RunTime:0.001047s ]
INFO: [ route_check ] --END-- [ RunTime:0.001168s ]
INFO: [ app_begin ] --START--
INFO: ReadHtmlCache Behavior ::run [ RunTime:0.000711s ]
INFO: [ app_begin ] --END-- [ RunTime:0.000825s ]
SQL: SHOW COLUMNS FROM `mir_category` [ RunTime:0.004435s ]
SQL: SELECT * FROM `mir_category` WHERE ( `pid` = 1 )  [ RunTime:0.000295s ]
SQL: SHOW COLUMNS FROM `mir_product` [ RunTime:0.004049s ]
NOTIC: [8] Use of undefined constant status - assumed 'status' E:\wamp\www\Lib\Action\PreAction.class.php 第 9 行.
SQL: SELECT * FROM `mir_product` WHERE ( `recommand` = 1 ) AND ( `status` = 0 ) LIMIT 10   [ RunTime:0.000464s ]
INFO: [ view_parse ] --START--
INFO: ParseTemplate Behavior ::run [ RunTime:0.010763s ]
INFO: [ view_parse ] --END-- [ RunTime:0.010904s ]
INFO: [ view_filter ] --START--
INFO: ContentReplace Behavior ::run [ RunTime:0.000636s ]
INFO: TokenBuild Behavior ::run [ RunTime:0.000618s ]
INFO: WriteHtmlCache Behavior ::run [ RunTime:0.000488s ]
INFO: ShowRuntime Behavior ::run [ RunTime:0.000694s ]
INFO: [ view_filter ] --END-- [ RunTime:0.002710s ]
INFO: [ view_end ] --START--
INFO: ShowPageTrace Behavior ::run [ RunTime:0.000767s ]
INFO: [ view_end ] --END-- [ RunTime:0.000869s ]

